test basic_err_fewer_args/3a1fbbbh::test[0]: FAILED

failures:

---- basic_err_fewer_args/3a1fbbbh::test[0] counterexamples ----
Failure for test/symb_eval/cryptol/basic_err_fewer_args.rs:8:55: 8:64: error: in basic_err_fewer_args/3a1fbbbh::test[0]
error loading "addByte": not enough arguments: Cryptol function signature [8] -> [8] -> [8] has 2 arguments, but Rust signature (u8, u8, u8) -> u8 [RustAbi]  requires 3

[Crux] Overall status: Invalid.
