test basic_err_more_args/3a1fbbbh::test[0]: FAILED

failures:

---- basic_err_more_args/3a1fbbbh::test[0] counterexamples ----
Failure for test/symb_eval/cryptol/basic_err_more_args.rs:8:47: 8:56: error: in basic_err_more_args/3a1fbbbh::test[0]
error loading "addByte": type mismatch in return value: Cryptol type [8] -> [8] does not match Rust type u8

[Crux] Overall status: Invalid.
