test alias_ok/3a1fbbbh::f_test[0]: ok
test alias_ok/3a1fbbbh::use_f[0]: FAILED

failures:

---- alias_ok/3a1fbbbh::use_f[0] counterexamples ----
Failure for ./lib/crucible/lib.rs:36:41: 36:58 !test/symb_eval/comp/alias_ok.rs:49:5: 49:36: error: in alias_ok/3a1fbbbh::use_f[0]
MIR assertion at test/symb_eval/comp/alias_ok.rs:49:5:
	b.get() < 10

[Crux] Overall status: Invalid.
