Loading file "mir.saw"
Verifying test/65bab2f7::f[0] ...
Simulating test/65bab2f7::f[0] ...
Stack trace:
   (builtin) in mir_verify
   mir.saw:16:1-16:49 (at top level)
Symbolic execution failed.
Abort due to assertion failure:
  internal: error: in _SAW_MIR_verifyPrestate
  Expected type: Bit
  Actual type:   () -> Bit




FAILED
